.\Debug\AISteroids.ilk
.\Debug\AISteroids.pdb
C:\Users\Spellabbet\Desktop\Chapter 15--FSM\AISteroids\.\Debug\AISteroids.exe
C:\Users\Spellabbet\Desktop\Chapter 15--FSM\AISteroids\.\Debug\AISteroids.exe.intermediate.manifest
C:\USERS\SPELLABBET\DESKTOP\CHAPTER 15--FSM\AISTEROIDS\DEBUG\AICONTROL.OBJ
C:\USERS\SPELLABBET\DESKTOP\CHAPTER 15--FSM\AISTEROIDS\DEBUG\AISTEROIDS.EXE
C:\USERS\SPELLABBET\DESKTOP\CHAPTER 15--FSM\AISTEROIDS\DEBUG\AISTEROIDS.EXE.EMBED.MANIFEST
C:\USERS\SPELLABBET\DESKTOP\CHAPTER 15--FSM\AISTEROIDS\DEBUG\AISTEROIDS.EXE.EMBED.MANIFEST.RES
C:\USERS\SPELLABBET\DESKTOP\CHAPTER 15--FSM\AISTEROIDS\DEBUG\AISTEROIDS.EXE.INTERMEDIATE.MANIFEST
C:\USERS\SPELLABBET\DESKTOP\CHAPTER 15--FSM\AISTEROIDS\DEBUG\AISTEROIDS.ILK
C:\USERS\SPELLABBET\DESKTOP\CHAPTER 15--FSM\AISTEROIDS\DEBUG\AISTEROIDS.PDB
C:\Users\Spellabbet\Desktop\Chapter 15--FSM\AISteroids\Debug\AISteroids_manifest.rc
C:\USERS\SPELLABBET\DESKTOP\CHAPTER 15--FSM\AISTEROIDS\DEBUG\AST.OBJ
C:\USERS\SPELLABBET\DESKTOP\CHAPTER 15--FSM\AISTEROIDS\DEBUG\ASTEROIDS.OBJ
C:\USERS\SPELLABBET\DESKTOP\CHAPTER 15--FSM\AISTEROIDS\DEBUG\BULLET.OBJ
C:\Users\Spellabbet\Desktop\Chapter 15--FSM\AISteroids\Debug\cl.command.1.tlog
C:\Users\Spellabbet\Desktop\Chapter 15--FSM\AISteroids\Debug\CL.read.1.tlog
C:\Users\Spellabbet\Desktop\Chapter 15--FSM\AISteroids\Debug\CL.write.1.tlog
C:\USERS\SPELLABBET\DESKTOP\CHAPTER 15--FSM\AISTEROIDS\DEBUG\EXP.OBJ
C:\USERS\SPELLABBET\DESKTOP\CHAPTER 15--FSM\AISTEROIDS\DEBUG\FSMAICONTROL.OBJ
C:\USERS\SPELLABBET\DESKTOP\CHAPTER 15--FSM\AISTEROIDS\DEBUG\FSMMACHINE.OBJ
C:\USERS\SPELLABBET\DESKTOP\CHAPTER 15--FSM\AISTEROIDS\DEBUG\GAMEOBJ.OBJ
C:\USERS\SPELLABBET\DESKTOP\CHAPTER 15--FSM\AISTEROIDS\DEBUG\GAMESESSION.OBJ
C:\USERS\SPELLABBET\DESKTOP\CHAPTER 15--FSM\AISTEROIDS\DEBUG\HUMANCONTROL.OBJ
C:\Users\Spellabbet\Desktop\Chapter 15--FSM\AISteroids\Debug\link.4688.read.1.tlog
C:\Users\Spellabbet\Desktop\Chapter 15--FSM\AISteroids\Debug\link.4688.write.1.tlog
C:\Users\Spellabbet\Desktop\Chapter 15--FSM\AISteroids\Debug\link.4688-cvtres.read.1.tlog
C:\Users\Spellabbet\Desktop\Chapter 15--FSM\AISteroids\Debug\link.4688-cvtres.write.1.tlog
C:\Users\Spellabbet\Desktop\Chapter 15--FSM\AISteroids\Debug\link.command.1.tlog
C:\Users\Spellabbet\Desktop\Chapter 15--FSM\AISteroids\Debug\link.read.1.tlog
C:\Users\Spellabbet\Desktop\Chapter 15--FSM\AISteroids\Debug\link.write.1.tlog
C:\Users\Spellabbet\Desktop\Chapter 15--FSM\AISteroids\Debug\link-cvtres.read.1.tlog
C:\Users\Spellabbet\Desktop\Chapter 15--FSM\AISteroids\Debug\link-cvtres.write.1.tlog
C:\Users\Spellabbet\Desktop\Chapter 15--FSM\AISteroids\Debug\mt.command.1.tlog
C:\Users\Spellabbet\Desktop\Chapter 15--FSM\AISteroids\Debug\mt.read.1.tlog
C:\Users\Spellabbet\Desktop\Chapter 15--FSM\AISteroids\Debug\mt.write.1.tlog
C:\USERS\SPELLABBET\DESKTOP\CHAPTER 15--FSM\AISTEROIDS\DEBUG\POWERUP.OBJ
C:\Users\Spellabbet\Desktop\Chapter 15--FSM\AISteroids\Debug\rc.command.1.tlog
C:\Users\Spellabbet\Desktop\Chapter 15--FSM\AISteroids\Debug\rc.read.1.tlog
C:\Users\Spellabbet\Desktop\Chapter 15--FSM\AISteroids\Debug\rc.write.1.tlog
C:\USERS\SPELLABBET\DESKTOP\CHAPTER 15--FSM\AISTEROIDS\DEBUG\SHIP.OBJ
C:\USERS\SPELLABBET\DESKTOP\CHAPTER 15--FSM\AISTEROIDS\DEBUG\STATEAPPROACH.OBJ
C:\USERS\SPELLABBET\DESKTOP\CHAPTER 15--FSM\AISTEROIDS\DEBUG\STATEATTACK.OBJ
C:\USERS\SPELLABBET\DESKTOP\CHAPTER 15--FSM\AISTEROIDS\DEBUG\STATEEVADE.OBJ
C:\USERS\SPELLABBET\DESKTOP\CHAPTER 15--FSM\AISTEROIDS\DEBUG\STATEGETPOWERUP.OBJ
C:\USERS\SPELLABBET\DESKTOP\CHAPTER 15--FSM\AISTEROIDS\DEBUG\STATEIDLE.OBJ
C:\USERS\SPELLABBET\DESKTOP\CHAPTER 15--FSM\AISTEROIDS\DEBUG\TARGET.OBJ
C:\USERS\SPELLABBET\DESKTOP\CHAPTER 15--FSM\AISTEROIDS\DEBUG\UTILITY.OBJ
C:\Users\Spellabbet\Desktop\Chapter 15--FSM\AISteroids\Debug\vc100.idb
C:\USERS\SPELLABBET\DESKTOP\CHAPTER 15--FSM\AISTEROIDS\DEBUG\VC100.PDB
